2019-05-15T09:51:46,110;[http-bio-8080-exec-3];Entry;com.sample.SelectChocolateServlet.CallerPsuedoId: 949113522;org.apache.catalina.connector.RequestFacade.CallerPsuedoId: 1266879114;public abstract java.lang.String javax.servlet.http.HttpServletRequest.getParameter(java.lang.String)
2019-05-15T09:51:46,120;[http-bio-8080-exec-3];Exit;com.sample.SelectChocolateServlet.CallerPsuedoId: 949113522;org.apache.catalina.connector.RequestFacade.CallerPsuedoId: 1266879114;public abstract java.lang.String javax.servlet.http.HttpServletRequest.getParameter(java.lang.String)
2019-05-15T09:51:46,120;[http-bio-8080-exec-3];Entry;com.sample.SelectChocolateServlet.CallerPsuedoId: 949113522;org.apache.catalina.connector.RequestFacade.CallerPsuedoId: 1266879114;public abstract java.lang.String javax.servlet.http.HttpServletRequest.getParameter(java.lang.String)
2019-05-15T09:51:46,120;[http-bio-8080-exec-3];Exit;com.sample.SelectChocolateServlet.CallerPsuedoId: 949113522;org.apache.catalina.connector.RequestFacade.CallerPsuedoId: 1266879114;public abstract java.lang.String javax.servlet.http.HttpServletRequest.getParameter(java.lang.String)
2019-05-15T09:51:46,121;[http-bio-8080-exec-3];Entry;com.sample.SelectChocolateServlet.CallerPsuedoId: 949113522;org.apache.catalina.connector.RequestFacade.CallerPsuedoId: 1266879114;public abstract java.lang.String javax.servlet.http.HttpServletRequest.getParameter(java.lang.String)
2019-05-15T09:51:46,121;[http-bio-8080-exec-3];Exit;com.sample.SelectChocolateServlet.CallerPsuedoId: 949113522;org.apache.catalina.connector.RequestFacade.CallerPsuedoId: 1266879114;public abstract java.lang.String javax.servlet.http.HttpServletRequest.getParameter(java.lang.String)
2019-05-15T09:51:46,121;[http-bio-8080-exec-3];Entry;com.sample.SelectChocolateServlet.CallerPsuedoId: 949113522;java.util.ArrayList.CallerPsuedoId: 1761874829;public abstract boolean java.util.List.add(java.lang.Object)
2019-05-15T09:51:46,122;[http-bio-8080-exec-3];Exit;com.sample.SelectChocolateServlet.CallerPsuedoId: 949113522;java.util.ArrayList.CallerPsuedoId: 1761874829;public abstract boolean java.util.List.add(java.lang.Object)
2019-05-15T09:51:46,122;[http-bio-8080-exec-3];Entry;com.sample.SelectChocolateServlet.CallerPsuedoId: 949113522;java.util.ArrayList.CallerPsuedoId: 1761874829;public abstract boolean java.util.List.add(java.lang.Object)
2019-05-15T09:51:46,122;[http-bio-8080-exec-3];Exit;com.sample.SelectChocolateServlet.CallerPsuedoId: 949113522;java.util.ArrayList.CallerPsuedoId: 1761874829;public abstract boolean java.util.List.add(java.lang.Object)
2019-05-15T09:51:46,124;[http-bio-8080-exec-3];Entry;com.sample.SelectChocolateServlet.CallerPsuedoId: 949113522;com.sample.ChocolateService.CallerPsuedoId: 1357704200;public java.util.List com.sample.ChocolateService.getAvailableBrands(com.sample.model.ChocolateType)
2019-05-15T09:51:46,124;[http-bio-8080-exec-3];Entry;com.sample.ChocolateService.CallerPsuedoId: 1357704200;com.sample.model.ChocolateType.CallerPsuedoId: 1080085126;public final boolean com.sample.model.ChocolateType.equals(java.lang.Object)
2019-05-15T09:51:46,124;[http-bio-8080-exec-3];Exit;com.sample.ChocolateService.CallerPsuedoId: 1357704200;com.sample.model.ChocolateType.CallerPsuedoId: 1080085126;public final boolean com.sample.model.ChocolateType.equals(java.lang.Object)
2019-05-15T09:51:46,125;[http-bio-8080-exec-3];Entry;com.sample.ChocolateService.CallerPsuedoId: 1357704200;com.sample.model.ChocolateType.CallerPsuedoId: 1080085126;public final boolean com.sample.model.ChocolateType.equals(java.lang.Object)
2019-05-15T09:51:46,125;[http-bio-8080-exec-3];Exit;com.sample.ChocolateService.CallerPsuedoId: 1357704200;com.sample.model.ChocolateType.CallerPsuedoId: 1080085126;public final boolean com.sample.model.ChocolateType.equals(java.lang.Object)
2019-05-15T09:51:46,125;[http-bio-8080-exec-3];Entry;com.sample.ChocolateService.CallerPsuedoId: 1357704200;java.util.ArrayList.CallerPsuedoId: 162603388;public abstract boolean java.util.List.add(java.lang.Object)
2019-05-15T09:51:46,126;[http-bio-8080-exec-3];Exit;com.sample.ChocolateService.CallerPsuedoId: 1357704200;java.util.ArrayList.CallerPsuedoId: 162603388;public abstract boolean java.util.List.add(java.lang.Object)
2019-05-15T09:51:46,126;[http-bio-8080-exec-3];Entry;com.sample.ChocolateService.CallerPsuedoId: 1357704200;java.util.ArrayList.CallerPsuedoId: 162603388;public abstract boolean java.util.List.add(java.lang.Object)
2019-05-15T09:51:46,126;[http-bio-8080-exec-3];Exit;com.sample.ChocolateService.CallerPsuedoId: 1357704200;java.util.ArrayList.CallerPsuedoId: 162603388;public abstract boolean java.util.List.add(java.lang.Object)
2019-05-15T09:51:46,127;[http-bio-8080-exec-3];Exit;com.sample.SelectChocolateServlet.CallerPsuedoId: 949113522;com.sample.ChocolateService.CallerPsuedoId: 1357704200;public java.util.List com.sample.ChocolateService.getAvailableBrands(com.sample.model.ChocolateType)
2019-05-15T09:51:46,127;[http-bio-8080-exec-3];Entry;com.sample.SelectChocolateServlet.CallerPsuedoId: 949113522;org.apache.catalina.connector.RequestFacade.CallerPsuedoId: 1266879114;public abstract void javax.servlet.http.HttpServletRequest.setAttribute(java.lang.String, java.lang.Object)
2019-05-15T09:51:46,128;[http-bio-8080-exec-3];Exit;com.sample.SelectChocolateServlet.CallerPsuedoId: 949113522;org.apache.catalina.connector.RequestFacade.CallerPsuedoId: 1266879114;public abstract void javax.servlet.http.HttpServletRequest.setAttribute(java.lang.String, java.lang.Object)
2019-05-15T09:51:46,128;[http-bio-8080-exec-3];Entry;com.sample.SelectChocolateServlet.CallerPsuedoId: 949113522;com.sample.SelectChocolateServlet.CallerPsuedoId: 949113522;public java.lang.String com.sample.SelectChocolateServlet.trueOrFalse(java.util.List)
2019-05-15T09:51:46,128;[http-bio-8080-exec-3];Entry;com.sample.SelectChocolateServlet.CallerPsuedoId: 949113522;java.util.ArrayList.CallerPsuedoId: 1761874829;public abstract int java.util.List.size()
2019-05-15T09:51:46,129;[http-bio-8080-exec-3];Exit;com.sample.SelectChocolateServlet.CallerPsuedoId: 949113522;java.util.ArrayList.CallerPsuedoId: 1761874829;public abstract int java.util.List.size()
2019-05-15T09:51:46,131;[http-bio-8080-exec-3];Entry;com.sample.SelectChocolateServlet.CallerPsuedoId: 949113522;java.util.Random.CallerPsuedoId: 1209761556;public int java.util.Random.nextInt(int)
2019-05-15T09:51:46,132;[http-bio-8080-exec-3];Exit;com.sample.SelectChocolateServlet.CallerPsuedoId: 949113522;java.util.Random.CallerPsuedoId: 1209761556;public int java.util.Random.nextInt(int)
2019-05-15T09:51:46,132;[http-bio-8080-exec-3];Entry;com.sample.SelectChocolateServlet.CallerPsuedoId: 949113522;java.util.ArrayList.CallerPsuedoId: 1761874829;public abstract java.lang.Object java.util.List.get(int)
2019-05-15T09:51:46,133;[http-bio-8080-exec-3];Exit;com.sample.SelectChocolateServlet.CallerPsuedoId: 949113522;java.util.ArrayList.CallerPsuedoId: 1761874829;public abstract java.lang.Object java.util.List.get(int)
2019-05-15T09:51:46,134;[http-bio-8080-exec-3];Exit;com.sample.SelectChocolateServlet.CallerPsuedoId: 949113522;com.sample.SelectChocolateServlet.CallerPsuedoId: 949113522;public java.lang.String com.sample.SelectChocolateServlet.trueOrFalse(java.util.List)
2019-05-15T09:51:46,134;[http-bio-8080-exec-3];Entry;com.sample.SelectChocolateServlet.CallerPsuedoId: 949113522;org.apache.catalina.connector.RequestFacade.CallerPsuedoId: 1266879114;public abstract void javax.servlet.http.HttpServletRequest.setAttribute(java.lang.String, java.lang.Object)
2019-05-15T09:51:46,134;[http-bio-8080-exec-3];Exit;com.sample.SelectChocolateServlet.CallerPsuedoId: 949113522;org.apache.catalina.connector.RequestFacade.CallerPsuedoId: 1266879114;public abstract void javax.servlet.http.HttpServletRequest.setAttribute(java.lang.String, java.lang.Object)
2019-05-15T09:51:46,134;[http-bio-8080-exec-3];Entry;com.sample.SelectChocolateServlet.CallerPsuedoId: 949113522;org.apache.catalina.connector.RequestFacade.CallerPsuedoId: 1266879114;public abstract javax.servlet.RequestDispatcher javax.servlet.http.HttpServletRequest.getRequestDispatcher(java.lang.String)
2019-05-15T09:51:46,136;[http-bio-8080-exec-3];Exit;com.sample.SelectChocolateServlet.CallerPsuedoId: 949113522;org.apache.catalina.connector.RequestFacade.CallerPsuedoId: 1266879114;public abstract javax.servlet.RequestDispatcher javax.servlet.http.HttpServletRequest.getRequestDispatcher(java.lang.String)
2019-05-15T09:51:46,136;[http-bio-8080-exec-3];Entry;com.sample.SelectChocolateServlet.CallerPsuedoId: 949113522;org.apache.catalina.core.ApplicationDispatcher.CallerPsuedoId: 650692811;public abstract void javax.servlet.RequestDispatcher.forward(javax.servlet.ServletRequest, javax.servlet.ServletResponse)
2019-05-15T09:51:47,301;[http-bio-8080-exec-3];Exit;com.sample.SelectChocolateServlet.CallerPsuedoId: 949113522;org.apache.catalina.core.ApplicationDispatcher.CallerPsuedoId: 650692811;public abstract void javax.servlet.RequestDispatcher.forward(javax.servlet.ServletRequest, javax.servlet.ServletResponse)
2019-05-16T10:26:46,134;[http-bio-8080-exec-3];Entry;com.sample.SelectChocolateServlet.CallerPsuedoId: 1748262319;org.apache.catalina.connector.RequestFacade.CallerPsuedoId: 169753110;public abstract java.lang.String javax.servlet.http.HttpServletRequest.getParameter(java.lang.String)
2019-05-16T10:26:46,141;[http-bio-8080-exec-3];Exit;com.sample.SelectChocolateServlet.CallerPsuedoId: 1748262319;org.apache.catalina.connector.RequestFacade.CallerPsuedoId: 169753110;public abstract java.lang.String javax.servlet.http.HttpServletRequest.getParameter(java.lang.String)
2019-05-16T10:26:46,142;[http-bio-8080-exec-3];Entry;com.sample.SelectChocolateServlet.CallerPsuedoId: 1748262319;org.apache.catalina.connector.RequestFacade.CallerPsuedoId: 169753110;public abstract java.lang.String javax.servlet.http.HttpServletRequest.getParameter(java.lang.String)
2019-05-16T10:26:46,143;[http-bio-8080-exec-3];Exit;com.sample.SelectChocolateServlet.CallerPsuedoId: 1748262319;org.apache.catalina.connector.RequestFacade.CallerPsuedoId: 169753110;public abstract java.lang.String javax.servlet.http.HttpServletRequest.getParameter(java.lang.String)
2019-05-16T10:26:46,143;[http-bio-8080-exec-3];Entry;com.sample.SelectChocolateServlet.CallerPsuedoId: 1748262319;org.apache.catalina.connector.RequestFacade.CallerPsuedoId: 169753110;public abstract java.lang.String javax.servlet.http.HttpServletRequest.getParameter(java.lang.String)
2019-05-16T10:26:46,143;[http-bio-8080-exec-3];Exit;com.sample.SelectChocolateServlet.CallerPsuedoId: 1748262319;org.apache.catalina.connector.RequestFacade.CallerPsuedoId: 169753110;public abstract java.lang.String javax.servlet.http.HttpServletRequest.getParameter(java.lang.String)
2019-05-16T10:26:46,143;[http-bio-8080-exec-3];Entry;com.sample.SelectChocolateServlet.CallerPsuedoId: 1748262319;java.util.ArrayList.CallerPsuedoId: 1899132052;public abstract boolean java.util.List.add(java.lang.Object)
2019-05-16T10:26:46,143;[http-bio-8080-exec-3];Exit;com.sample.SelectChocolateServlet.CallerPsuedoId: 1748262319;java.util.ArrayList.CallerPsuedoId: 1899132052;public abstract boolean java.util.List.add(java.lang.Object)
2019-05-16T10:26:46,143;[http-bio-8080-exec-3];Entry;com.sample.SelectChocolateServlet.CallerPsuedoId: 1748262319;java.util.ArrayList.CallerPsuedoId: 1899132052;public abstract boolean java.util.List.add(java.lang.Object)
2019-05-16T10:26:46,144;[http-bio-8080-exec-3];Exit;com.sample.SelectChocolateServlet.CallerPsuedoId: 1748262319;java.util.ArrayList.CallerPsuedoId: 1899132052;public abstract boolean java.util.List.add(java.lang.Object)
2019-05-16T10:26:46,145;[http-bio-8080-exec-3];Entry;com.sample.SelectChocolateServlet.CallerPsuedoId: 1748262319;com.sample.ChocolateService.CallerPsuedoId: 1135541024;public java.util.List com.sample.ChocolateService.getAvailableBrands(com.sample.model.ChocolateType)
2019-05-16T10:26:46,145;[http-bio-8080-exec-3];Entry;com.sample.ChocolateService.CallerPsuedoId: 1135541024;com.sample.model.ChocolateType.CallerPsuedoId: 725865475;public final boolean com.sample.model.ChocolateType.equals(java.lang.Object)
2019-05-16T10:26:46,145;[http-bio-8080-exec-3];Exit;com.sample.ChocolateService.CallerPsuedoId: 1135541024;com.sample.model.ChocolateType.CallerPsuedoId: 725865475;public final boolean com.sample.model.ChocolateType.equals(java.lang.Object)
2019-05-16T10:26:46,145;[http-bio-8080-exec-3];Entry;com.sample.ChocolateService.CallerPsuedoId: 1135541024;com.sample.model.ChocolateType.CallerPsuedoId: 725865475;public final boolean com.sample.model.ChocolateType.equals(java.lang.Object)
2019-05-16T10:26:46,145;[http-bio-8080-exec-3];Exit;com.sample.ChocolateService.CallerPsuedoId: 1135541024;com.sample.model.ChocolateType.CallerPsuedoId: 725865475;public final boolean com.sample.model.ChocolateType.equals(java.lang.Object)
2019-05-16T10:26:46,145;[http-bio-8080-exec-3];Entry;com.sample.ChocolateService.CallerPsuedoId: 1135541024;java.util.ArrayList.CallerPsuedoId: 1228374827;public abstract boolean java.util.List.add(java.lang.Object)
2019-05-16T10:26:46,145;[http-bio-8080-exec-3];Exit;com.sample.ChocolateService.CallerPsuedoId: 1135541024;java.util.ArrayList.CallerPsuedoId: 1228374827;public abstract boolean java.util.List.add(java.lang.Object)
2019-05-16T10:26:46,145;[http-bio-8080-exec-3];Entry;com.sample.ChocolateService.CallerPsuedoId: 1135541024;java.util.ArrayList.CallerPsuedoId: 1228374827;public abstract boolean java.util.List.add(java.lang.Object)
2019-05-16T10:26:46,145;[http-bio-8080-exec-3];Exit;com.sample.ChocolateService.CallerPsuedoId: 1135541024;java.util.ArrayList.CallerPsuedoId: 1228374827;public abstract boolean java.util.List.add(java.lang.Object)
2019-05-16T10:26:46,146;[http-bio-8080-exec-3];Exit;com.sample.SelectChocolateServlet.CallerPsuedoId: 1748262319;com.sample.ChocolateService.CallerPsuedoId: 1135541024;public java.util.List com.sample.ChocolateService.getAvailableBrands(com.sample.model.ChocolateType)
2019-05-16T10:26:46,146;[http-bio-8080-exec-3];Entry;com.sample.SelectChocolateServlet.CallerPsuedoId: 1748262319;org.apache.catalina.connector.RequestFacade.CallerPsuedoId: 169753110;public abstract void javax.servlet.http.HttpServletRequest.setAttribute(java.lang.String, java.lang.Object)
2019-05-16T10:26:46,146;[http-bio-8080-exec-3];Exit;com.sample.SelectChocolateServlet.CallerPsuedoId: 1748262319;org.apache.catalina.connector.RequestFacade.CallerPsuedoId: 169753110;public abstract void javax.servlet.http.HttpServletRequest.setAttribute(java.lang.String, java.lang.Object)
2019-05-16T10:26:46,146;[http-bio-8080-exec-3];Entry;com.sample.SelectChocolateServlet.CallerPsuedoId: 1748262319;com.sample.SelectChocolateServlet.CallerPsuedoId: 1748262319;public java.lang.String com.sample.SelectChocolateServlet.trueOrFalse(java.util.List)
2019-05-16T10:26:46,147;[http-bio-8080-exec-3];Entry;com.sample.SelectChocolateServlet.CallerPsuedoId: 1748262319;java.util.ArrayList.CallerPsuedoId: 1899132052;public abstract int java.util.List.size()
2019-05-16T10:26:46,147;[http-bio-8080-exec-3];Exit;com.sample.SelectChocolateServlet.CallerPsuedoId: 1748262319;java.util.ArrayList.CallerPsuedoId: 1899132052;public abstract int java.util.List.size()
2019-05-16T10:26:46,148;[http-bio-8080-exec-3];Entry;com.sample.SelectChocolateServlet.CallerPsuedoId: 1748262319;java.util.Random.CallerPsuedoId: 1799578069;public int java.util.Random.nextInt(int)
2019-05-16T10:26:46,148;[http-bio-8080-exec-3];Exit;com.sample.SelectChocolateServlet.CallerPsuedoId: 1748262319;java.util.Random.CallerPsuedoId: 1799578069;public int java.util.Random.nextInt(int)
2019-05-16T10:26:46,148;[http-bio-8080-exec-3];Entry;com.sample.SelectChocolateServlet.CallerPsuedoId: 1748262319;java.util.ArrayList.CallerPsuedoId: 1899132052;public abstract java.lang.Object java.util.List.get(int)
2019-05-16T10:26:46,148;[http-bio-8080-exec-3];Exit;com.sample.SelectChocolateServlet.CallerPsuedoId: 1748262319;java.util.ArrayList.CallerPsuedoId: 1899132052;public abstract java.lang.Object java.util.List.get(int)
2019-05-16T10:26:46,148;[http-bio-8080-exec-3];Exit;com.sample.SelectChocolateServlet.CallerPsuedoId: 1748262319;com.sample.SelectChocolateServlet.CallerPsuedoId: 1748262319;public java.lang.String com.sample.SelectChocolateServlet.trueOrFalse(java.util.List)
2019-05-16T10:26:46,148;[http-bio-8080-exec-3];Entry;com.sample.SelectChocolateServlet.CallerPsuedoId: 1748262319;org.apache.catalina.connector.RequestFacade.CallerPsuedoId: 169753110;public abstract void javax.servlet.http.HttpServletRequest.setAttribute(java.lang.String, java.lang.Object)
2019-05-16T10:26:46,148;[http-bio-8080-exec-3];Exit;com.sample.SelectChocolateServlet.CallerPsuedoId: 1748262319;org.apache.catalina.connector.RequestFacade.CallerPsuedoId: 169753110;public abstract void javax.servlet.http.HttpServletRequest.setAttribute(java.lang.String, java.lang.Object)
2019-05-16T10:26:46,148;[http-bio-8080-exec-3];Entry;com.sample.SelectChocolateServlet.CallerPsuedoId: 1748262319;org.apache.catalina.connector.RequestFacade.CallerPsuedoId: 169753110;public abstract javax.servlet.RequestDispatcher javax.servlet.http.HttpServletRequest.getRequestDispatcher(java.lang.String)
2019-05-16T10:26:46,149;[http-bio-8080-exec-3];Exit;com.sample.SelectChocolateServlet.CallerPsuedoId: 1748262319;org.apache.catalina.connector.RequestFacade.CallerPsuedoId: 169753110;public abstract javax.servlet.RequestDispatcher javax.servlet.http.HttpServletRequest.getRequestDispatcher(java.lang.String)
2019-05-16T10:26:46,150;[http-bio-8080-exec-3];Entry;com.sample.SelectChocolateServlet.CallerPsuedoId: 1748262319;org.apache.catalina.core.ApplicationDispatcher.CallerPsuedoId: 914314448;public abstract void javax.servlet.RequestDispatcher.forward(javax.servlet.ServletRequest, javax.servlet.ServletResponse)
2019-05-16T10:26:46,966;[http-bio-8080-exec-3];Exit;com.sample.SelectChocolateServlet.CallerPsuedoId: 1748262319;org.apache.catalina.core.ApplicationDispatcher.CallerPsuedoId: 914314448;public abstract void javax.servlet.RequestDispatcher.forward(javax.servlet.ServletRequest, javax.servlet.ServletResponse)
