2019-04-03T11:51:37,079;[main];Entry;org.architecturemining.program.example.band.BandPractice.Static;java.util.ArrayList.CallerPsuedoId: 110431793;public boolean java.util.ArrayList.add(java.lang.Object)
2019-04-03T11:51:37,089;[main];Exit;org.architecturemining.program.example.band.BandPractice.Static;java.util.ArrayList.CallerPsuedoId: 110431793;public boolean java.util.ArrayList.add(java.lang.Object)
2019-04-03T11:51:37,090;[main];Entry;org.architecturemining.program.example.band.BandPractice.Static;java.util.ArrayList.CallerPsuedoId: 110431793;public boolean java.util.ArrayList.add(java.lang.Object)
2019-04-03T11:51:37,090;[main];Exit;org.architecturemining.program.example.band.BandPractice.Static;java.util.ArrayList.CallerPsuedoId: 110431793;public boolean java.util.ArrayList.add(java.lang.Object)
2019-04-03T11:51:37,090;[main];Entry;org.architecturemining.program.example.band.BandPractice.Static;java.util.ArrayList.CallerPsuedoId: 110431793;public boolean java.util.ArrayList.add(java.lang.Object)
2019-04-03T11:51:37,090;[main];Exit;org.architecturemining.program.example.band.BandPractice.Static;java.util.ArrayList.CallerPsuedoId: 110431793;public boolean java.util.ArrayList.add(java.lang.Object)
2019-04-03T11:51:37,092;[main];Entry;org.architecturemining.program.example.band.BandPractice.Static;java.util.HashMap.CallerPsuedoId: 415186196;public java.lang.Object java.util.HashMap.put(java.lang.Object, java.lang.Object)
2019-04-03T11:51:37,093;[main];Exit;org.architecturemining.program.example.band.BandPractice.Static;java.util.HashMap.CallerPsuedoId: 415186196;public java.lang.Object java.util.HashMap.put(java.lang.Object, java.lang.Object)
2019-04-03T11:51:37,093;[main];Entry;org.architecturemining.program.example.band.BandPractice.Static;java.util.HashSet.CallerPsuedoId: 1337344609;public boolean java.util.HashSet.add(java.lang.Object)
2019-04-03T11:51:37,095;[main];Exit;org.architecturemining.program.example.band.BandPractice.Static;java.util.HashSet.CallerPsuedoId: 1337344609;public boolean java.util.HashSet.add(java.lang.Object)
2019-04-03T11:51:37,096;[main];Entry;org.architecturemining.program.example.band.BandPractice.Static;java.util.HashMap.CallerPsuedoId: 415186196;public java.lang.Object java.util.HashMap.put(java.lang.Object, java.lang.Object)
2019-04-03T11:51:37,096;[main];Exit;org.architecturemining.program.example.band.BandPractice.Static;java.util.HashMap.CallerPsuedoId: 415186196;public java.lang.Object java.util.HashMap.put(java.lang.Object, java.lang.Object)
2019-04-03T11:51:37,096;[main];Entry;org.architecturemining.program.example.band.BandPractice.Static;java.util.HashMap.CallerPsuedoId: 415186196;public java.lang.Object java.util.HashMap.put(java.lang.Object, java.lang.Object)
2019-04-03T11:51:37,097;[main];Exit;org.architecturemining.program.example.band.BandPractice.Static;java.util.HashMap.CallerPsuedoId: 415186196;public java.lang.Object java.util.HashMap.put(java.lang.Object, java.lang.Object)
2019-04-03T11:51:37,097;[main];Entry;org.architecturemining.program.example.band.BandPractice.Static;java.util.HashSet.CallerPsuedoId: 1337344609;public boolean java.util.HashSet.add(java.lang.Object)
2019-04-03T11:51:37,097;[main];Exit;org.architecturemining.program.example.band.BandPractice.Static;java.util.HashSet.CallerPsuedoId: 1337344609;public boolean java.util.HashSet.add(java.lang.Object)
2019-04-03T11:51:37,098;[main];Entry;org.architecturemining.program.example.band.BandPractice.Static;org.architecturemining.program.example.band.Band.CallerPsuedoId: 428910174;public void org.architecturemining.program.example.band.Band.practice()
2019-04-03T11:51:37,098;[main];Entry;org.architecturemining.program.example.band.Band.CallerPsuedoId: 428910174;java.util.ArrayList.CallerPsuedoId: 110431793;public abstract java.util.Iterator java.util.List.iterator()
2019-04-03T11:51:37,098;[main];Exit;org.architecturemining.program.example.band.Band.CallerPsuedoId: 428910174;java.util.ArrayList.CallerPsuedoId: 110431793;public abstract java.util.Iterator java.util.List.iterator()
2019-04-03T11:51:37,099;[main];Entry;org.architecturemining.program.example.band.Band.CallerPsuedoId: 428910174;java.util.ArrayList.Itr.CallerPsuedoId: 1682463303;public abstract boolean java.util.Iterator.hasNext()
2019-04-03T11:51:37,100;[main];Exit;org.architecturemining.program.example.band.Band.CallerPsuedoId: 428910174;java.util.ArrayList.Itr.CallerPsuedoId: 1682463303;public abstract boolean java.util.Iterator.hasNext()
2019-04-03T11:51:37,100;[main];Entry;org.architecturemining.program.example.band.Band.CallerPsuedoId: 428910174;java.util.ArrayList.Itr.CallerPsuedoId: 1682463303;public abstract java.lang.Object java.util.Iterator.next()
2019-04-03T11:51:37,100;[main];Exit;org.architecturemining.program.example.band.Band.CallerPsuedoId: 428910174;java.util.ArrayList.Itr.CallerPsuedoId: 1682463303;public abstract java.lang.Object java.util.Iterator.next()
2019-04-03T11:51:37,100;[main];Entry;org.architecturemining.program.example.band.Band.CallerPsuedoId: 428910174;org.architecturemining.program.example.band.Song.CallerPsuedoId: 633075331;public java.lang.String org.architecturemining.program.example.band.Song.getName()
2019-04-03T11:51:37,101;[main];Exit;org.architecturemining.program.example.band.Band.CallerPsuedoId: 428910174;org.architecturemining.program.example.band.Song.CallerPsuedoId: 633075331;public java.lang.String org.architecturemining.program.example.band.Song.getName()
2019-04-03T11:51:37,102;[main];Entry;org.architecturemining.program.example.band.Band.CallerPsuedoId: 428910174;java.lang.StringBuilder.CallerPsuedoId: 1858609436;public java.lang.StringBuilder java.lang.StringBuilder.append(java.lang.String)
2019-04-03T11:51:37,102;[main];Exit;org.architecturemining.program.example.band.Band.CallerPsuedoId: 428910174;java.lang.StringBuilder.CallerPsuedoId: 1858609436;public java.lang.StringBuilder java.lang.StringBuilder.append(java.lang.String)
2019-04-03T11:51:37,102;[main];Entry;org.architecturemining.program.example.band.Band.CallerPsuedoId: 428910174;java.lang.StringBuilder.CallerPsuedoId: 1858609436;public java.lang.String java.lang.StringBuilder.toString()
2019-04-03T11:51:37,104;[main];Exit;org.architecturemining.program.example.band.Band.CallerPsuedoId: 428910174;java.lang.StringBuilder.CallerPsuedoId: 1858609436;public java.lang.String java.lang.StringBuilder.toString()
2019-04-03T11:51:37,104;[main];Entry;org.architecturemining.program.example.band.Band.CallerPsuedoId: 428910174;java.io.PrintStream.CallerPsuedoId: 1920387277;public void java.io.PrintStream.println(java.lang.String)
2019-04-03T11:51:37,105;[main];Exit;org.architecturemining.program.example.band.Band.CallerPsuedoId: 428910174;java.io.PrintStream.CallerPsuedoId: 1920387277;public void java.io.PrintStream.println(java.lang.String)
2019-04-03T11:51:37,105;[main];Entry;org.architecturemining.program.example.band.Band.CallerPsuedoId: 428910174;java.util.HashSet.CallerPsuedoId: 1337344609;public abstract java.util.Iterator java.util.Set.iterator()
2019-04-03T11:51:37,105;[main];Exit;org.architecturemining.program.example.band.Band.CallerPsuedoId: 428910174;java.util.HashSet.CallerPsuedoId: 1337344609;public abstract java.util.Iterator java.util.Set.iterator()
2019-04-03T11:51:37,106;[main];Entry;org.architecturemining.program.example.band.Band.CallerPsuedoId: 428910174;java.util.HashMap.KeyIterator.CallerPsuedoId: 1414147750;public abstract boolean java.util.Iterator.hasNext()
2019-04-03T11:51:37,106;[main];Exit;org.architecturemining.program.example.band.Band.CallerPsuedoId: 428910174;java.util.HashMap.KeyIterator.CallerPsuedoId: 1414147750;public abstract boolean java.util.Iterator.hasNext()
2019-04-03T11:51:37,107;[main];Entry;org.architecturemining.program.example.band.Band.CallerPsuedoId: 428910174;java.util.HashMap.KeyIterator.CallerPsuedoId: 1414147750;public abstract java.lang.Object java.util.Iterator.next()
2019-04-03T11:51:37,107;[main];Exit;org.architecturemining.program.example.band.Band.CallerPsuedoId: 428910174;java.util.HashMap.KeyIterator.CallerPsuedoId: 1414147750;public abstract java.lang.Object java.util.Iterator.next()
2019-04-03T11:51:37,108;[main];Entry;org.architecturemining.program.example.band.Band.CallerPsuedoId: 428910174;org.architecturemining.program.example.band.BandMember.CallerPsuedoId: 2015781843;public void org.architecturemining.program.example.band.BandMember.play(org.architecturemining.program.example.band.Song)
2019-04-03T11:51:37,108;[main];Entry;org.architecturemining.program.example.band.BandMember.CallerPsuedoId: 2015781843;org.architecturemining.program.example.band.BandMember.CallerPsuedoId: 2015781843;private boolean org.architecturemining.program.example.band.BandMember.isDrummer()
2019-04-03T11:51:37,108;[main];Entry;org.architecturemining.program.example.band.BandMember.CallerPsuedoId: 2015781843;java.util.HashMap.CallerPsuedoId: 775931202;public abstract boolean java.util.Map.containsKey(java.lang.Object)
2019-04-03T11:51:37,109;[main];Exit;org.architecturemining.program.example.band.BandMember.CallerPsuedoId: 2015781843;java.util.HashMap.CallerPsuedoId: 775931202;public abstract boolean java.util.Map.containsKey(java.lang.Object)
2019-04-03T11:51:37,109;[main];Exit;org.architecturemining.program.example.band.BandMember.CallerPsuedoId: 2015781843;org.architecturemining.program.example.band.BandMember.CallerPsuedoId: 2015781843;private boolean org.architecturemining.program.example.band.BandMember.isDrummer()
2019-04-03T11:51:37,109;[main];Entry;org.architecturemining.program.example.band.BandMember.CallerPsuedoId: 2015781843;org.architecturemining.program.example.band.Song.CallerPsuedoId: 633075331;public int org.architecturemining.program.example.band.Song.getTempo()
2019-04-03T11:51:37,110;[main];Exit;org.architecturemining.program.example.band.BandMember.CallerPsuedoId: 2015781843;org.architecturemining.program.example.band.Song.CallerPsuedoId: 633075331;public int org.architecturemining.program.example.band.Song.getTempo()
2019-04-03T11:51:38,111;[main];Entry;org.architecturemining.program.example.band.BandMember.CallerPsuedoId: 2015781843;java.util.HashMap.CallerPsuedoId: 775931202;public abstract java.util.Collection java.util.Map.values()
2019-04-03T11:51:38,112;[main];Exit;org.architecturemining.program.example.band.BandMember.CallerPsuedoId: 2015781843;java.util.HashMap.CallerPsuedoId: 775931202;public abstract java.util.Collection java.util.Map.values()
2019-04-03T11:51:38,113;[main];Entry;org.architecturemining.program.example.band.BandMember.CallerPsuedoId: 2015781843;java.util.HashMap.Values.CallerPsuedoId: 22069592;public abstract java.util.Iterator java.util.Collection.iterator()
2019-04-03T11:51:38,113;[main];Exit;org.architecturemining.program.example.band.BandMember.CallerPsuedoId: 2015781843;java.util.HashMap.Values.CallerPsuedoId: 22069592;public abstract java.util.Iterator java.util.Collection.iterator()
2019-04-03T11:51:38,113;[main];Entry;org.architecturemining.program.example.band.BandMember.CallerPsuedoId: 2015781843;java.util.HashMap.ValueIterator.CallerPsuedoId: 1160003871;public abstract boolean java.util.Iterator.hasNext()
2019-04-03T11:51:38,114;[main];Exit;org.architecturemining.program.example.band.BandMember.CallerPsuedoId: 2015781843;java.util.HashMap.ValueIterator.CallerPsuedoId: 1160003871;public abstract boolean java.util.Iterator.hasNext()
2019-04-03T11:51:38,114;[main];Exit;org.architecturemining.program.example.band.Band.CallerPsuedoId: 428910174;org.architecturemining.program.example.band.BandMember.CallerPsuedoId: 2015781843;public void org.architecturemining.program.example.band.BandMember.play(org.architecturemining.program.example.band.Song)
2019-04-03T11:51:38,115;[main];Entry;org.architecturemining.program.example.band.Band.CallerPsuedoId: 428910174;java.util.HashMap.KeyIterator.CallerPsuedoId: 1414147750;public abstract boolean java.util.Iterator.hasNext()
2019-04-03T11:51:38,115;[main];Exit;org.architecturemining.program.example.band.Band.CallerPsuedoId: 428910174;java.util.HashMap.KeyIterator.CallerPsuedoId: 1414147750;public abstract boolean java.util.Iterator.hasNext()
2019-04-03T11:51:38,115;[main];Entry;org.architecturemining.program.example.band.Band.CallerPsuedoId: 428910174;java.util.HashMap.KeyIterator.CallerPsuedoId: 1414147750;public abstract java.lang.Object java.util.Iterator.next()
2019-04-03T11:51:38,115;[main];Exit;org.architecturemining.program.example.band.Band.CallerPsuedoId: 428910174;java.util.HashMap.KeyIterator.CallerPsuedoId: 1414147750;public abstract java.lang.Object java.util.Iterator.next()
2019-04-03T11:51:38,117;[main];Entry;org.architecturemining.program.example.band.Band.CallerPsuedoId: 428910174;org.architecturemining.program.example.band.BandMember.CallerPsuedoId: 1113619023;public void org.architecturemining.program.example.band.BandMember.play(org.architecturemining.program.example.band.Song)
2019-04-03T11:51:38,117;[main];Entry;org.architecturemining.program.example.band.BandMember.CallerPsuedoId: 1113619023;org.architecturemining.program.example.band.BandMember.CallerPsuedoId: 1113619023;private boolean org.architecturemining.program.example.band.BandMember.isDrummer()
2019-04-03T11:51:38,118;[main];Entry;org.architecturemining.program.example.band.BandMember.CallerPsuedoId: 1113619023;java.util.HashMap.CallerPsuedoId: 415186196;public abstract boolean java.util.Map.containsKey(java.lang.Object)
2019-04-03T11:51:38,119;[main];Exit;org.architecturemining.program.example.band.BandMember.CallerPsuedoId: 1113619023;java.util.HashMap.CallerPsuedoId: 415186196;public abstract boolean java.util.Map.containsKey(java.lang.Object)
2019-04-03T11:51:38,119;[main];Exit;org.architecturemining.program.example.band.BandMember.CallerPsuedoId: 1113619023;org.architecturemining.program.example.band.BandMember.CallerPsuedoId: 1113619023;private boolean org.architecturemining.program.example.band.BandMember.isDrummer()
2019-04-03T11:51:38,119;[main];Entry;org.architecturemining.program.example.band.BandMember.CallerPsuedoId: 1113619023;java.util.HashMap.CallerPsuedoId: 415186196;public abstract java.lang.Object java.util.Map.get(java.lang.Object)
2019-04-03T11:51:38,120;[main];Exit;org.architecturemining.program.example.band.BandMember.CallerPsuedoId: 1113619023;java.util.HashMap.CallerPsuedoId: 415186196;public abstract java.lang.Object java.util.Map.get(java.lang.Object)
2019-04-03T11:51:38,121;[main];Entry;org.architecturemining.program.example.band.BandMember.CallerPsuedoId: 1113619023;org.architecturemining.program.example.band.instruments.Drums.CallerPsuedoId: 1075738627;public void org.architecturemining.program.example.band.instruments.Drums.countDown()
2019-04-03T11:51:38,121;[main];Entry;org.architecturemining.program.example.band.instruments.Drums.CallerPsuedoId: 1075738627;java.io.PrintStream.CallerPsuedoId: 1920387277;public void java.io.PrintStream.println(java.lang.String)
2019-04-03T11:51:38,121;[main];Exit;org.architecturemining.program.example.band.instruments.Drums.CallerPsuedoId: 1075738627;java.io.PrintStream.CallerPsuedoId: 1920387277;public void java.io.PrintStream.println(java.lang.String)
2019-04-03T11:51:38,122;[main];Exit;org.architecturemining.program.example.band.BandMember.CallerPsuedoId: 1113619023;org.architecturemining.program.example.band.instruments.Drums.CallerPsuedoId: 1075738627;public void org.architecturemining.program.example.band.instruments.Drums.countDown()
2019-04-03T11:51:38,122;[main];Entry;org.architecturemining.program.example.band.BandMember.CallerPsuedoId: 1113619023;org.architecturemining.program.example.band.Song.CallerPsuedoId: 633075331;public int org.architecturemining.program.example.band.Song.getTempo()
2019-04-03T11:51:38,122;[main];Exit;org.architecturemining.program.example.band.BandMember.CallerPsuedoId: 1113619023;org.architecturemining.program.example.band.Song.CallerPsuedoId: 633075331;public int org.architecturemining.program.example.band.Song.getTempo()
2019-04-03T11:51:39,124;[main];Entry;org.architecturemining.program.example.band.BandMember.CallerPsuedoId: 1113619023;java.util.HashMap.CallerPsuedoId: 415186196;public abstract java.util.Collection java.util.Map.values()
2019-04-03T11:51:39,125;[main];Exit;org.architecturemining.program.example.band.BandMember.CallerPsuedoId: 1113619023;java.util.HashMap.CallerPsuedoId: 415186196;public abstract java.util.Collection java.util.Map.values()
2019-04-03T11:51:39,125;[main];Entry;org.architecturemining.program.example.band.BandMember.CallerPsuedoId: 1113619023;java.util.HashMap.Values.CallerPsuedoId: 282828951;public abstract java.util.Iterator java.util.Collection.iterator()
2019-04-03T11:51:39,126;[main];Exit;org.architecturemining.program.example.band.BandMember.CallerPsuedoId: 1113619023;java.util.HashMap.Values.CallerPsuedoId: 282828951;public abstract java.util.Iterator java.util.Collection.iterator()
2019-04-03T11:51:39,126;[main];Entry;org.architecturemining.program.example.band.BandMember.CallerPsuedoId: 1113619023;java.util.HashMap.ValueIterator.CallerPsuedoId: 394721749;public abstract boolean java.util.Iterator.hasNext()
2019-04-03T11:51:39,126;[main];Exit;org.architecturemining.program.example.band.BandMember.CallerPsuedoId: 1113619023;java.util.HashMap.ValueIterator.CallerPsuedoId: 394721749;public abstract boolean java.util.Iterator.hasNext()
2019-04-03T11:51:39,127;[main];Entry;org.architecturemining.program.example.band.BandMember.CallerPsuedoId: 1113619023;java.util.HashMap.ValueIterator.CallerPsuedoId: 394721749;public abstract java.lang.Object java.util.Iterator.next()
2019-04-03T11:51:39,127;[main];Exit;org.architecturemining.program.example.band.BandMember.CallerPsuedoId: 1113619023;java.util.HashMap.ValueIterator.CallerPsuedoId: 394721749;public abstract java.lang.Object java.util.Iterator.next()
2019-04-03T11:51:39,128;[main];Entry;org.architecturemining.program.example.band.BandMember.CallerPsuedoId: 1113619023;org.architecturemining.program.example.band.instruments.Bass.CallerPsuedoId: 1884122755;public abstract void org.architecturemining.program.example.band.instruments.Instrument.makeMusic(org.architecturemining.program.example.band.Song)
2019-04-03T11:51:39,128;[main];Entry;org.architecturemining.program.example.band.instruments.Bass.CallerPsuedoId: 1884122755;org.architecturemining.program.example.band.Song.CallerPsuedoId: 633075331;public java.lang.String org.architecturemining.program.example.band.Song.getLyrics()
2019-04-03T11:51:39,129;[main];Entry;org.architecturemining.program.example.band.Song.CallerPsuedoId: 633075331;java.lang.StringBuilder.CallerPsuedoId: 1134612201;public java.lang.StringBuilder java.lang.StringBuilder.append(java.lang.String)
2019-04-03T11:51:39,130;[main];Exit;org.architecturemining.program.example.band.Song.CallerPsuedoId: 633075331;java.lang.StringBuilder.CallerPsuedoId: 1134612201;public java.lang.StringBuilder java.lang.StringBuilder.append(java.lang.String)
2019-04-03T11:51:39,130;[main];Entry;org.architecturemining.program.example.band.Song.CallerPsuedoId: 633075331;java.lang.StringBuilder.CallerPsuedoId: 1134612201;public java.lang.String java.lang.StringBuilder.toString()
2019-04-03T11:51:39,132;[main];Exit;org.architecturemining.program.example.band.Song.CallerPsuedoId: 633075331;java.lang.StringBuilder.CallerPsuedoId: 1134612201;public java.lang.String java.lang.StringBuilder.toString()
2019-04-03T11:51:39,133;[main];Exit;org.architecturemining.program.example.band.instruments.Bass.CallerPsuedoId: 1884122755;org.architecturemining.program.example.band.Song.CallerPsuedoId: 633075331;public java.lang.String org.architecturemining.program.example.band.Song.getLyrics()
2019-04-03T11:51:39,134;[main];Entry;org.architecturemining.program.example.band.instruments.Bass.CallerPsuedoId: 1884122755;java.io.PrintStream.CallerPsuedoId: 1920387277;public void java.io.PrintStream.println(java.lang.String)
2019-04-03T11:51:39,136;[main];Exit;org.architecturemining.program.example.band.instruments.Bass.CallerPsuedoId: 1884122755;java.io.PrintStream.CallerPsuedoId: 1920387277;public void java.io.PrintStream.println(java.lang.String)
2019-04-03T11:51:39,140;[main];Exit;org.architecturemining.program.example.band.BandMember.CallerPsuedoId: 1113619023;org.architecturemining.program.example.band.instruments.Bass.CallerPsuedoId: 1884122755;public abstract void org.architecturemining.program.example.band.instruments.Instrument.makeMusic(org.architecturemining.program.example.band.Song)
2019-04-03T11:51:39,142;[main];Entry;org.architecturemining.program.example.band.BandMember.CallerPsuedoId: 1113619023;java.util.HashMap.ValueIterator.CallerPsuedoId: 394721749;public abstract boolean java.util.Iterator.hasNext()
2019-04-03T11:51:39,142;[main];Exit;org.architecturemining.program.example.band.BandMember.CallerPsuedoId: 1113619023;java.util.HashMap.ValueIterator.CallerPsuedoId: 394721749;public abstract boolean java.util.Iterator.hasNext()
2019-04-03T11:51:39,142;[main];Entry;org.architecturemining.program.example.band.BandMember.CallerPsuedoId: 1113619023;java.util.HashMap.ValueIterator.CallerPsuedoId: 394721749;public abstract java.lang.Object java.util.Iterator.next()
2019-04-03T11:51:39,142;[main];Exit;org.architecturemining.program.example.band.BandMember.CallerPsuedoId: 1113619023;java.util.HashMap.ValueIterator.CallerPsuedoId: 394721749;public abstract java.lang.Object java.util.Iterator.next()
2019-04-03T11:51:39,143;[main];Entry;org.architecturemining.program.example.band.BandMember.CallerPsuedoId: 1113619023;org.architecturemining.program.example.band.instruments.Vocals.CallerPsuedoId: 246550802;public abstract void org.architecturemining.program.example.band.instruments.Instrument.makeMusic(org.architecturemining.program.example.band.Song)
2019-04-03T11:51:39,143;[main];Entry;org.architecturemining.program.example.band.instruments.Vocals.CallerPsuedoId: 246550802;java.io.PrintStream.CallerPsuedoId: 1920387277;public void java.io.PrintStream.println(java.lang.String)
2019-04-03T11:51:39,145;[main];Exit;org.architecturemining.program.example.band.instruments.Vocals.CallerPsuedoId: 246550802;java.io.PrintStream.CallerPsuedoId: 1920387277;public void java.io.PrintStream.println(java.lang.String)
2019-04-03T11:51:39,147;[main];Exit;org.architecturemining.program.example.band.BandMember.CallerPsuedoId: 1113619023;org.architecturemining.program.example.band.instruments.Vocals.CallerPsuedoId: 246550802;public abstract void org.architecturemining.program.example.band.instruments.Instrument.makeMusic(org.architecturemining.program.example.band.Song)
2019-04-03T11:51:39,147;[main];Entry;org.architecturemining.program.example.band.BandMember.CallerPsuedoId: 1113619023;java.util.HashMap.ValueIterator.CallerPsuedoId: 394721749;public abstract boolean java.util.Iterator.hasNext()
2019-04-03T11:51:39,148;[main];Exit;org.architecturemining.program.example.band.BandMember.CallerPsuedoId: 1113619023;java.util.HashMap.ValueIterator.CallerPsuedoId: 394721749;public abstract boolean java.util.Iterator.hasNext()
2019-04-03T11:51:39,148;[main];Entry;org.architecturemining.program.example.band.BandMember.CallerPsuedoId: 1113619023;java.util.HashMap.ValueIterator.CallerPsuedoId: 394721749;public abstract java.lang.Object java.util.Iterator.next()
2019-04-03T11:51:39,148;[main];Exit;org.architecturemining.program.example.band.BandMember.CallerPsuedoId: 1113619023;java.util.HashMap.ValueIterator.CallerPsuedoId: 394721749;public abstract java.lang.Object java.util.Iterator.next()
2019-04-03T11:51:39,149;[main];Entry;org.architecturemining.program.example.band.BandMember.CallerPsuedoId: 1113619023;org.architecturemining.program.example.band.instruments.Drums.CallerPsuedoId: 1075738627;public abstract void org.architecturemining.program.example.band.instruments.Instrument.makeMusic(org.architecturemining.program.example.band.Song)
2019-04-03T11:51:39,152;[main];Entry;org.architecturemining.program.example.band.instruments.Drums.CallerPsuedoId: 1075738627;java.io.PrintStream.CallerPsuedoId: 1920387277;public void java.io.PrintStream.println(java.lang.String)
2019-04-03T11:51:39,154;[main];Exit;org.architecturemining.program.example.band.instruments.Drums.CallerPsuedoId: 1075738627;java.io.PrintStream.CallerPsuedoId: 1920387277;public void java.io.PrintStream.println(java.lang.String)
2019-04-03T11:51:39,155;[main];Exit;org.architecturemining.program.example.band.BandMember.CallerPsuedoId: 1113619023;org.architecturemining.program.example.band.instruments.Drums.CallerPsuedoId: 1075738627;public abstract void org.architecturemining.program.example.band.instruments.Instrument.makeMusic(org.architecturemining.program.example.band.Song)
2019-04-03T11:51:39,155;[main];Entry;org.architecturemining.program.example.band.BandMember.CallerPsuedoId: 1113619023;java.util.HashMap.ValueIterator.CallerPsuedoId: 394721749;public abstract boolean java.util.Iterator.hasNext()
2019-04-03T11:51:39,156;[main];Exit;org.architecturemining.program.example.band.BandMember.CallerPsuedoId: 1113619023;java.util.HashMap.ValueIterator.CallerPsuedoId: 394721749;public abstract boolean java.util.Iterator.hasNext()
2019-04-03T11:51:39,156;[main];Exit;org.architecturemining.program.example.band.Band.CallerPsuedoId: 428910174;org.architecturemining.program.example.band.BandMember.CallerPsuedoId: 1113619023;public void org.architecturemining.program.example.band.BandMember.play(org.architecturemining.program.example.band.Song)
2019-04-03T11:51:39,156;[main];Entry;org.architecturemining.program.example.band.Band.CallerPsuedoId: 428910174;java.util.HashMap.KeyIterator.CallerPsuedoId: 1414147750;public abstract boolean java.util.Iterator.hasNext()
2019-04-03T11:51:39,156;[main];Exit;org.architecturemining.program.example.band.Band.CallerPsuedoId: 428910174;java.util.HashMap.KeyIterator.CallerPsuedoId: 1414147750;public abstract boolean java.util.Iterator.hasNext()
2019-04-03T11:51:39,157;[main];Entry;org.architecturemining.program.example.band.Band.CallerPsuedoId: 428910174;java.util.ArrayList.Itr.CallerPsuedoId: 1682463303;public abstract boolean java.util.Iterator.hasNext()
2019-04-03T11:51:39,157;[main];Exit;org.architecturemining.program.example.band.Band.CallerPsuedoId: 428910174;java.util.ArrayList.Itr.CallerPsuedoId: 1682463303;public abstract boolean java.util.Iterator.hasNext()
2019-04-03T11:51:39,157;[main];Entry;org.architecturemining.program.example.band.Band.CallerPsuedoId: 428910174;java.util.ArrayList.Itr.CallerPsuedoId: 1682463303;public abstract java.lang.Object java.util.Iterator.next()
2019-04-03T11:51:39,158;[main];Exit;org.architecturemining.program.example.band.Band.CallerPsuedoId: 428910174;java.util.ArrayList.Itr.CallerPsuedoId: 1682463303;public abstract java.lang.Object java.util.Iterator.next()
2019-04-03T11:51:39,158;[main];Entry;org.architecturemining.program.example.band.Band.CallerPsuedoId: 428910174;org.architecturemining.program.example.band.Song.CallerPsuedoId: 786041152;public java.lang.String org.architecturemining.program.example.band.Song.getName()
2019-04-03T11:51:39,158;[main];Exit;org.architecturemining.program.example.band.Band.CallerPsuedoId: 428910174;org.architecturemining.program.example.band.Song.CallerPsuedoId: 786041152;public java.lang.String org.architecturemining.program.example.band.Song.getName()
2019-04-03T11:51:39,158;[main];Entry;org.architecturemining.program.example.band.Band.CallerPsuedoId: 428910174;java.lang.StringBuilder.CallerPsuedoId: 897074030;public java.lang.StringBuilder java.lang.StringBuilder.append(java.lang.String)
2019-04-03T11:51:39,159;[main];Exit;org.architecturemining.program.example.band.Band.CallerPsuedoId: 428910174;java.lang.StringBuilder.CallerPsuedoId: 897074030;public java.lang.StringBuilder java.lang.StringBuilder.append(java.lang.String)
2019-04-03T11:51:39,159;[main];Entry;org.architecturemining.program.example.band.Band.CallerPsuedoId: 428910174;java.lang.StringBuilder.CallerPsuedoId: 897074030;public java.lang.String java.lang.StringBuilder.toString()
2019-04-03T11:51:39,159;[main];Exit;org.architecturemining.program.example.band.Band.CallerPsuedoId: 428910174;java.lang.StringBuilder.CallerPsuedoId: 897074030;public java.lang.String java.lang.StringBuilder.toString()
2019-04-03T11:51:39,159;[main];Entry;org.architecturemining.program.example.band.Band.CallerPsuedoId: 428910174;java.io.PrintStream.CallerPsuedoId: 1920387277;public void java.io.PrintStream.println(java.lang.String)
2019-04-03T11:51:39,161;[main];Exit;org.architecturemining.program.example.band.Band.CallerPsuedoId: 428910174;java.io.PrintStream.CallerPsuedoId: 1920387277;public void java.io.PrintStream.println(java.lang.String)
2019-04-03T11:51:39,162;[main];Entry;org.architecturemining.program.example.band.Band.CallerPsuedoId: 428910174;java.util.HashSet.CallerPsuedoId: 1337344609;public abstract java.util.Iterator java.util.Set.iterator()
2019-04-03T11:51:39,162;[main];Exit;org.architecturemining.program.example.band.Band.CallerPsuedoId: 428910174;java.util.HashSet.CallerPsuedoId: 1337344609;public abstract java.util.Iterator java.util.Set.iterator()
2019-04-03T11:51:39,162;[main];Entry;org.architecturemining.program.example.band.Band.CallerPsuedoId: 428910174;java.util.HashMap.KeyIterator.CallerPsuedoId: 1885996206;public abstract boolean java.util.Iterator.hasNext()
2019-04-03T11:51:39,164;[main];Exit;org.architecturemining.program.example.band.Band.CallerPsuedoId: 428910174;java.util.HashMap.KeyIterator.CallerPsuedoId: 1885996206;public abstract boolean java.util.Iterator.hasNext()
2019-04-03T11:51:39,164;[main];Entry;org.architecturemining.program.example.band.Band.CallerPsuedoId: 428910174;java.util.HashMap.KeyIterator.CallerPsuedoId: 1885996206;public abstract java.lang.Object java.util.Iterator.next()
2019-04-03T11:51:39,168;[main];Exit;org.architecturemining.program.example.band.Band.CallerPsuedoId: 428910174;java.util.HashMap.KeyIterator.CallerPsuedoId: 1885996206;public abstract java.lang.Object java.util.Iterator.next()
2019-04-03T11:51:39,169;[main];Entry;org.architecturemining.program.example.band.Band.CallerPsuedoId: 428910174;org.architecturemining.program.example.band.BandMember.CallerPsuedoId: 2015781843;public void org.architecturemining.program.example.band.BandMember.play(org.architecturemining.program.example.band.Song)
2019-04-03T11:51:39,169;[main];Entry;org.architecturemining.program.example.band.BandMember.CallerPsuedoId: 2015781843;org.architecturemining.program.example.band.BandMember.CallerPsuedoId: 2015781843;private boolean org.architecturemining.program.example.band.BandMember.isDrummer()
2019-04-03T11:51:39,170;[main];Entry;org.architecturemining.program.example.band.BandMember.CallerPsuedoId: 2015781843;java.util.HashMap.CallerPsuedoId: 775931202;public abstract boolean java.util.Map.containsKey(java.lang.Object)
2019-04-03T11:51:39,170;[main];Exit;org.architecturemining.program.example.band.BandMember.CallerPsuedoId: 2015781843;java.util.HashMap.CallerPsuedoId: 775931202;public abstract boolean java.util.Map.containsKey(java.lang.Object)
2019-04-03T11:51:39,170;[main];Exit;org.architecturemining.program.example.band.BandMember.CallerPsuedoId: 2015781843;org.architecturemining.program.example.band.BandMember.CallerPsuedoId: 2015781843;private boolean org.architecturemining.program.example.band.BandMember.isDrummer()
2019-04-03T11:51:39,170;[main];Entry;org.architecturemining.program.example.band.BandMember.CallerPsuedoId: 2015781843;org.architecturemining.program.example.band.Song.CallerPsuedoId: 786041152;public int org.architecturemining.program.example.band.Song.getTempo()
2019-04-03T11:51:39,170;[main];Exit;org.architecturemining.program.example.band.BandMember.CallerPsuedoId: 2015781843;org.architecturemining.program.example.band.Song.CallerPsuedoId: 786041152;public int org.architecturemining.program.example.band.Song.getTempo()
2019-04-03T11:51:40,171;[main];Entry;org.architecturemining.program.example.band.BandMember.CallerPsuedoId: 2015781843;java.util.HashMap.CallerPsuedoId: 775931202;public abstract java.util.Collection java.util.Map.values()
2019-04-03T11:51:40,172;[main];Exit;org.architecturemining.program.example.band.BandMember.CallerPsuedoId: 2015781843;java.util.HashMap.CallerPsuedoId: 775931202;public abstract java.util.Collection java.util.Map.values()
2019-04-03T11:51:40,174;[main];Entry;org.architecturemining.program.example.band.BandMember.CallerPsuedoId: 2015781843;java.util.HashMap.Values.CallerPsuedoId: 22069592;public abstract java.util.Iterator java.util.Collection.iterator()
2019-04-03T11:51:40,174;[main];Exit;org.architecturemining.program.example.band.BandMember.CallerPsuedoId: 2015781843;java.util.HashMap.Values.CallerPsuedoId: 22069592;public abstract java.util.Iterator java.util.Collection.iterator()
2019-04-03T11:51:40,176;[main];Entry;org.architecturemining.program.example.band.BandMember.CallerPsuedoId: 2015781843;java.util.HashMap.ValueIterator.CallerPsuedoId: 1859039536;public abstract boolean java.util.Iterator.hasNext()
2019-04-03T11:51:40,177;[main];Exit;org.architecturemining.program.example.band.BandMember.CallerPsuedoId: 2015781843;java.util.HashMap.ValueIterator.CallerPsuedoId: 1859039536;public abstract boolean java.util.Iterator.hasNext()
2019-04-03T11:51:40,178;[main];Exit;org.architecturemining.program.example.band.Band.CallerPsuedoId: 428910174;org.architecturemining.program.example.band.BandMember.CallerPsuedoId: 2015781843;public void org.architecturemining.program.example.band.BandMember.play(org.architecturemining.program.example.band.Song)
2019-04-03T11:51:40,178;[main];Entry;org.architecturemining.program.example.band.Band.CallerPsuedoId: 428910174;java.util.HashMap.KeyIterator.CallerPsuedoId: 1885996206;public abstract boolean java.util.Iterator.hasNext()
2019-04-03T11:51:40,179;[main];Exit;org.architecturemining.program.example.band.Band.CallerPsuedoId: 428910174;java.util.HashMap.KeyIterator.CallerPsuedoId: 1885996206;public abstract boolean java.util.Iterator.hasNext()
2019-04-03T11:51:40,179;[main];Entry;org.architecturemining.program.example.band.Band.CallerPsuedoId: 428910174;java.util.HashMap.KeyIterator.CallerPsuedoId: 1885996206;public abstract java.lang.Object java.util.Iterator.next()
2019-04-03T11:51:40,180;[main];Exit;org.architecturemining.program.example.band.Band.CallerPsuedoId: 428910174;java.util.HashMap.KeyIterator.CallerPsuedoId: 1885996206;public abstract java.lang.Object java.util.Iterator.next()
2019-04-03T11:51:40,180;[main];Entry;org.architecturemining.program.example.band.Band.CallerPsuedoId: 428910174;org.architecturemining.program.example.band.BandMember.CallerPsuedoId: 1113619023;public void org.architecturemining.program.example.band.BandMember.play(org.architecturemining.program.example.band.Song)
2019-04-03T11:51:40,180;[main];Entry;org.architecturemining.program.example.band.BandMember.CallerPsuedoId: 1113619023;org.architecturemining.program.example.band.BandMember.CallerPsuedoId: 1113619023;private boolean org.architecturemining.program.example.band.BandMember.isDrummer()
2019-04-03T11:51:40,180;[main];Entry;org.architecturemining.program.example.band.BandMember.CallerPsuedoId: 1113619023;java.util.HashMap.CallerPsuedoId: 415186196;public abstract boolean java.util.Map.containsKey(java.lang.Object)
2019-04-03T11:51:40,181;[main];Exit;org.architecturemining.program.example.band.BandMember.CallerPsuedoId: 1113619023;java.util.HashMap.CallerPsuedoId: 415186196;public abstract boolean java.util.Map.containsKey(java.lang.Object)
2019-04-03T11:51:40,181;[main];Exit;org.architecturemining.program.example.band.BandMember.CallerPsuedoId: 1113619023;org.architecturemining.program.example.band.BandMember.CallerPsuedoId: 1113619023;private boolean org.architecturemining.program.example.band.BandMember.isDrummer()
2019-04-03T11:51:40,181;[main];Entry;org.architecturemining.program.example.band.BandMember.CallerPsuedoId: 1113619023;java.util.HashMap.CallerPsuedoId: 415186196;public abstract java.lang.Object java.util.Map.get(java.lang.Object)
2019-04-03T11:51:40,182;[main];Exit;org.architecturemining.program.example.band.BandMember.CallerPsuedoId: 1113619023;java.util.HashMap.CallerPsuedoId: 415186196;public abstract java.lang.Object java.util.Map.get(java.lang.Object)
2019-04-03T11:51:40,182;[main];Entry;org.architecturemining.program.example.band.BandMember.CallerPsuedoId: 1113619023;org.architecturemining.program.example.band.instruments.Drums.CallerPsuedoId: 1075738627;public void org.architecturemining.program.example.band.instruments.Drums.countDown()
2019-04-03T11:51:40,182;[main];Entry;org.architecturemining.program.example.band.instruments.Drums.CallerPsuedoId: 1075738627;java.io.PrintStream.CallerPsuedoId: 1920387277;public void java.io.PrintStream.println(java.lang.String)
2019-04-03T11:51:40,190;[main];Exit;org.architecturemining.program.example.band.instruments.Drums.CallerPsuedoId: 1075738627;java.io.PrintStream.CallerPsuedoId: 1920387277;public void java.io.PrintStream.println(java.lang.String)
2019-04-03T11:51:40,193;[main];Exit;org.architecturemining.program.example.band.BandMember.CallerPsuedoId: 1113619023;org.architecturemining.program.example.band.instruments.Drums.CallerPsuedoId: 1075738627;public void org.architecturemining.program.example.band.instruments.Drums.countDown()
2019-04-03T11:51:40,195;[main];Entry;org.architecturemining.program.example.band.BandMember.CallerPsuedoId: 1113619023;org.architecturemining.program.example.band.Song.CallerPsuedoId: 786041152;public int org.architecturemining.program.example.band.Song.getTempo()
2019-04-03T11:51:40,196;[main];Exit;org.architecturemining.program.example.band.BandMember.CallerPsuedoId: 1113619023;org.architecturemining.program.example.band.Song.CallerPsuedoId: 786041152;public int org.architecturemining.program.example.band.Song.getTempo()
2019-04-03T11:51:41,197;[main];Entry;org.architecturemining.program.example.band.BandMember.CallerPsuedoId: 1113619023;java.util.HashMap.CallerPsuedoId: 415186196;public abstract java.util.Collection java.util.Map.values()
2019-04-03T11:51:41,197;[main];Exit;org.architecturemining.program.example.band.BandMember.CallerPsuedoId: 1113619023;java.util.HashMap.CallerPsuedoId: 415186196;public abstract java.util.Collection java.util.Map.values()
2019-04-03T11:51:41,198;[main];Entry;org.architecturemining.program.example.band.BandMember.CallerPsuedoId: 1113619023;java.util.HashMap.Values.CallerPsuedoId: 282828951;public abstract java.util.Iterator java.util.Collection.iterator()
2019-04-03T11:51:41,198;[main];Exit;org.architecturemining.program.example.band.BandMember.CallerPsuedoId: 1113619023;java.util.HashMap.Values.CallerPsuedoId: 282828951;public abstract java.util.Iterator java.util.Collection.iterator()
2019-04-03T11:51:41,199;[main];Entry;org.architecturemining.program.example.band.BandMember.CallerPsuedoId: 1113619023;java.util.HashMap.ValueIterator.CallerPsuedoId: 278934944;public abstract boolean java.util.Iterator.hasNext()
2019-04-03T11:51:41,199;[main];Exit;org.architecturemining.program.example.band.BandMember.CallerPsuedoId: 1113619023;java.util.HashMap.ValueIterator.CallerPsuedoId: 278934944;public abstract boolean java.util.Iterator.hasNext()
2019-04-03T11:51:41,199;[main];Entry;org.architecturemining.program.example.band.BandMember.CallerPsuedoId: 1113619023;java.util.HashMap.ValueIterator.CallerPsuedoId: 278934944;public abstract java.lang.Object java.util.Iterator.next()
2019-04-03T11:51:41,200;[main];Exit;org.architecturemining.program.example.band.BandMember.CallerPsuedoId: 1113619023;java.util.HashMap.ValueIterator.CallerPsuedoId: 278934944;public abstract java.lang.Object java.util.Iterator.next()
2019-04-03T11:51:41,200;[main];Entry;org.architecturemining.program.example.band.BandMember.CallerPsuedoId: 1113619023;org.architecturemining.program.example.band.instruments.Bass.CallerPsuedoId: 1884122755;public abstract void org.architecturemining.program.example.band.instruments.Instrument.makeMusic(org.architecturemining.program.example.band.Song)
2019-04-03T11:51:41,201;[main];Entry;org.architecturemining.program.example.band.instruments.Bass.CallerPsuedoId: 1884122755;org.architecturemining.program.example.band.Song.CallerPsuedoId: 786041152;public java.lang.String org.architecturemining.program.example.band.Song.getLyrics()
2019-04-03T11:51:41,202;[main];Exit;org.architecturemining.program.example.band.instruments.Bass.CallerPsuedoId: 1884122755;org.architecturemining.program.example.band.Song.CallerPsuedoId: 786041152;public java.lang.String org.architecturemining.program.example.band.Song.getLyrics()
2019-04-03T11:51:41,202;[main];Entry;org.architecturemining.program.example.band.instruments.Bass.CallerPsuedoId: 1884122755;java.io.PrintStream.CallerPsuedoId: 1920387277;public void java.io.PrintStream.println(java.lang.String)
2019-04-03T11:51:41,209;[main];Exit;org.architecturemining.program.example.band.instruments.Bass.CallerPsuedoId: 1884122755;java.io.PrintStream.CallerPsuedoId: 1920387277;public void java.io.PrintStream.println(java.lang.String)
2019-04-03T11:51:41,212;[main];Exit;org.architecturemining.program.example.band.BandMember.CallerPsuedoId: 1113619023;org.architecturemining.program.example.band.instruments.Bass.CallerPsuedoId: 1884122755;public abstract void org.architecturemining.program.example.band.instruments.Instrument.makeMusic(org.architecturemining.program.example.band.Song)
2019-04-03T11:51:41,213;[main];Entry;org.architecturemining.program.example.band.BandMember.CallerPsuedoId: 1113619023;java.util.HashMap.ValueIterator.CallerPsuedoId: 278934944;public abstract boolean java.util.Iterator.hasNext()
2019-04-03T11:51:41,214;[main];Exit;org.architecturemining.program.example.band.BandMember.CallerPsuedoId: 1113619023;java.util.HashMap.ValueIterator.CallerPsuedoId: 278934944;public abstract boolean java.util.Iterator.hasNext()
2019-04-03T11:51:41,216;[main];Entry;org.architecturemining.program.example.band.BandMember.CallerPsuedoId: 1113619023;java.util.HashMap.ValueIterator.CallerPsuedoId: 278934944;public abstract java.lang.Object java.util.Iterator.next()
2019-04-03T11:51:41,220;[main];Exit;org.architecturemining.program.example.band.BandMember.CallerPsuedoId: 1113619023;java.util.HashMap.ValueIterator.CallerPsuedoId: 278934944;public abstract java.lang.Object java.util.Iterator.next()
2019-04-03T11:51:41,222;[main];Entry;org.architecturemining.program.example.band.BandMember.CallerPsuedoId: 1113619023;org.architecturemining.program.example.band.instruments.Vocals.CallerPsuedoId: 246550802;public abstract void org.architecturemining.program.example.band.instruments.Instrument.makeMusic(org.architecturemining.program.example.band.Song)
2019-04-03T11:51:41,222;[main];Entry;org.architecturemining.program.example.band.instruments.Vocals.CallerPsuedoId: 246550802;java.io.PrintStream.CallerPsuedoId: 1920387277;public void java.io.PrintStream.println(java.lang.String)
2019-04-03T11:51:41,224;[main];Exit;org.architecturemining.program.example.band.instruments.Vocals.CallerPsuedoId: 246550802;java.io.PrintStream.CallerPsuedoId: 1920387277;public void java.io.PrintStream.println(java.lang.String)
2019-04-03T11:51:41,224;[main];Exit;org.architecturemining.program.example.band.BandMember.CallerPsuedoId: 1113619023;org.architecturemining.program.example.band.instruments.Vocals.CallerPsuedoId: 246550802;public abstract void org.architecturemining.program.example.band.instruments.Instrument.makeMusic(org.architecturemining.program.example.band.Song)
2019-04-03T11:51:41,225;[main];Entry;org.architecturemining.program.example.band.BandMember.CallerPsuedoId: 1113619023;java.util.HashMap.ValueIterator.CallerPsuedoId: 278934944;public abstract boolean java.util.Iterator.hasNext()
2019-04-03T11:51:41,227;[main];Exit;org.architecturemining.program.example.band.BandMember.CallerPsuedoId: 1113619023;java.util.HashMap.ValueIterator.CallerPsuedoId: 278934944;public abstract boolean java.util.Iterator.hasNext()
2019-04-03T11:51:41,227;[main];Entry;org.architecturemining.program.example.band.BandMember.CallerPsuedoId: 1113619023;java.util.HashMap.ValueIterator.CallerPsuedoId: 278934944;public abstract java.lang.Object java.util.Iterator.next()
2019-04-03T11:51:41,228;[main];Exit;org.architecturemining.program.example.band.BandMember.CallerPsuedoId: 1113619023;java.util.HashMap.ValueIterator.CallerPsuedoId: 278934944;public abstract java.lang.Object java.util.Iterator.next()
2019-04-03T11:51:41,228;[main];Entry;org.architecturemining.program.example.band.BandMember.CallerPsuedoId: 1113619023;org.architecturemining.program.example.band.instruments.Drums.CallerPsuedoId: 1075738627;public abstract void org.architecturemining.program.example.band.instruments.Instrument.makeMusic(org.architecturemining.program.example.band.Song)
2019-04-03T11:51:41,230;[main];Entry;org.architecturemining.program.example.band.instruments.Drums.CallerPsuedoId: 1075738627;java.io.PrintStream.CallerPsuedoId: 1920387277;public void java.io.PrintStream.println(java.lang.String)
2019-04-03T11:51:41,231;[main];Exit;org.architecturemining.program.example.band.instruments.Drums.CallerPsuedoId: 1075738627;java.io.PrintStream.CallerPsuedoId: 1920387277;public void java.io.PrintStream.println(java.lang.String)
2019-04-03T11:51:41,232;[main];Exit;org.architecturemining.program.example.band.BandMember.CallerPsuedoId: 1113619023;org.architecturemining.program.example.band.instruments.Drums.CallerPsuedoId: 1075738627;public abstract void org.architecturemining.program.example.band.instruments.Instrument.makeMusic(org.architecturemining.program.example.band.Song)
2019-04-03T11:51:41,233;[main];Entry;org.architecturemining.program.example.band.BandMember.CallerPsuedoId: 1113619023;java.util.HashMap.ValueIterator.CallerPsuedoId: 278934944;public abstract boolean java.util.Iterator.hasNext()
2019-04-03T11:51:41,234;[main];Exit;org.architecturemining.program.example.band.BandMember.CallerPsuedoId: 1113619023;java.util.HashMap.ValueIterator.CallerPsuedoId: 278934944;public abstract boolean java.util.Iterator.hasNext()
2019-04-03T11:51:41,235;[main];Exit;org.architecturemining.program.example.band.Band.CallerPsuedoId: 428910174;org.architecturemining.program.example.band.BandMember.CallerPsuedoId: 1113619023;public void org.architecturemining.program.example.band.BandMember.play(org.architecturemining.program.example.band.Song)
2019-04-03T11:51:41,236;[main];Entry;org.architecturemining.program.example.band.Band.CallerPsuedoId: 428910174;java.util.HashMap.KeyIterator.CallerPsuedoId: 1885996206;public abstract boolean java.util.Iterator.hasNext()
2019-04-03T11:51:41,237;[main];Exit;org.architecturemining.program.example.band.Band.CallerPsuedoId: 428910174;java.util.HashMap.KeyIterator.CallerPsuedoId: 1885996206;public abstract boolean java.util.Iterator.hasNext()
2019-04-03T11:51:41,239;[main];Entry;org.architecturemining.program.example.band.Band.CallerPsuedoId: 428910174;java.util.ArrayList.Itr.CallerPsuedoId: 1682463303;public abstract boolean java.util.Iterator.hasNext()
2019-04-03T11:51:41,241;[main];Exit;org.architecturemining.program.example.band.Band.CallerPsuedoId: 428910174;java.util.ArrayList.Itr.CallerPsuedoId: 1682463303;public abstract boolean java.util.Iterator.hasNext()
2019-04-03T11:51:41,242;[main];Entry;org.architecturemining.program.example.band.Band.CallerPsuedoId: 428910174;java.util.ArrayList.Itr.CallerPsuedoId: 1682463303;public abstract java.lang.Object java.util.Iterator.next()
2019-04-03T11:51:41,242;[main];Exit;org.architecturemining.program.example.band.Band.CallerPsuedoId: 428910174;java.util.ArrayList.Itr.CallerPsuedoId: 1682463303;public abstract java.lang.Object java.util.Iterator.next()
2019-04-03T11:51:41,242;[main];Entry;org.architecturemining.program.example.band.Band.CallerPsuedoId: 428910174;org.architecturemining.program.example.band.Song.CallerPsuedoId: 1739876329;public java.lang.String org.architecturemining.program.example.band.Song.getName()
2019-04-03T11:51:41,242;[main];Exit;org.architecturemining.program.example.band.Band.CallerPsuedoId: 428910174;org.architecturemining.program.example.band.Song.CallerPsuedoId: 1739876329;public java.lang.String org.architecturemining.program.example.band.Song.getName()
2019-04-03T11:51:41,243;[main];Entry;org.architecturemining.program.example.band.Band.CallerPsuedoId: 428910174;java.lang.StringBuilder.CallerPsuedoId: 1205555397;public java.lang.StringBuilder java.lang.StringBuilder.append(java.lang.String)
2019-04-03T11:51:41,243;[main];Exit;org.architecturemining.program.example.band.Band.CallerPsuedoId: 428910174;java.lang.StringBuilder.CallerPsuedoId: 1205555397;public java.lang.StringBuilder java.lang.StringBuilder.append(java.lang.String)
2019-04-03T11:51:41,243;[main];Entry;org.architecturemining.program.example.band.Band.CallerPsuedoId: 428910174;java.lang.StringBuilder.CallerPsuedoId: 1205555397;public java.lang.String java.lang.StringBuilder.toString()
2019-04-03T11:51:41,243;[main];Exit;org.architecturemining.program.example.band.Band.CallerPsuedoId: 428910174;java.lang.StringBuilder.CallerPsuedoId: 1205555397;public java.lang.String java.lang.StringBuilder.toString()
2019-04-03T11:51:41,244;[main];Entry;org.architecturemining.program.example.band.Band.CallerPsuedoId: 428910174;java.io.PrintStream.CallerPsuedoId: 1920387277;public void java.io.PrintStream.println(java.lang.String)
2019-04-03T11:51:41,246;[main];Exit;org.architecturemining.program.example.band.Band.CallerPsuedoId: 428910174;java.io.PrintStream.CallerPsuedoId: 1920387277;public void java.io.PrintStream.println(java.lang.String)
2019-04-03T11:51:41,247;[main];Entry;org.architecturemining.program.example.band.Band.CallerPsuedoId: 428910174;java.util.HashSet.CallerPsuedoId: 1337344609;public abstract java.util.Iterator java.util.Set.iterator()
2019-04-03T11:51:41,247;[main];Exit;org.architecturemining.program.example.band.Band.CallerPsuedoId: 428910174;java.util.HashSet.CallerPsuedoId: 1337344609;public abstract java.util.Iterator java.util.Set.iterator()
2019-04-03T11:51:41,247;[main];Entry;org.architecturemining.program.example.band.Band.CallerPsuedoId: 428910174;java.util.HashMap.KeyIterator.CallerPsuedoId: 1543974463;public abstract boolean java.util.Iterator.hasNext()
2019-04-03T11:51:41,249;[main];Exit;org.architecturemining.program.example.band.Band.CallerPsuedoId: 428910174;java.util.HashMap.KeyIterator.CallerPsuedoId: 1543974463;public abstract boolean java.util.Iterator.hasNext()
2019-04-03T11:51:41,250;[main];Entry;org.architecturemining.program.example.band.Band.CallerPsuedoId: 428910174;java.util.HashMap.KeyIterator.CallerPsuedoId: 1543974463;public abstract java.lang.Object java.util.Iterator.next()
2019-04-03T11:51:41,252;[main];Exit;org.architecturemining.program.example.band.Band.CallerPsuedoId: 428910174;java.util.HashMap.KeyIterator.CallerPsuedoId: 1543974463;public abstract java.lang.Object java.util.Iterator.next()
2019-04-03T11:51:41,253;[main];Entry;org.architecturemining.program.example.band.Band.CallerPsuedoId: 428910174;org.architecturemining.program.example.band.BandMember.CallerPsuedoId: 2015781843;public void org.architecturemining.program.example.band.BandMember.play(org.architecturemining.program.example.band.Song)
2019-04-03T11:51:41,254;[main];Entry;org.architecturemining.program.example.band.BandMember.CallerPsuedoId: 2015781843;org.architecturemining.program.example.band.BandMember.CallerPsuedoId: 2015781843;private boolean org.architecturemining.program.example.band.BandMember.isDrummer()
2019-04-03T11:51:41,254;[main];Entry;org.architecturemining.program.example.band.BandMember.CallerPsuedoId: 2015781843;java.util.HashMap.CallerPsuedoId: 775931202;public abstract boolean java.util.Map.containsKey(java.lang.Object)
2019-04-03T11:51:41,255;[main];Exit;org.architecturemining.program.example.band.BandMember.CallerPsuedoId: 2015781843;java.util.HashMap.CallerPsuedoId: 775931202;public abstract boolean java.util.Map.containsKey(java.lang.Object)
2019-04-03T11:51:41,256;[main];Exit;org.architecturemining.program.example.band.BandMember.CallerPsuedoId: 2015781843;org.architecturemining.program.example.band.BandMember.CallerPsuedoId: 2015781843;private boolean org.architecturemining.program.example.band.BandMember.isDrummer()
2019-04-03T11:51:41,257;[main];Entry;org.architecturemining.program.example.band.BandMember.CallerPsuedoId: 2015781843;org.architecturemining.program.example.band.Song.CallerPsuedoId: 1739876329;public int org.architecturemining.program.example.band.Song.getTempo()
2019-04-03T11:51:41,257;[main];Exit;org.architecturemining.program.example.band.BandMember.CallerPsuedoId: 2015781843;org.architecturemining.program.example.band.Song.CallerPsuedoId: 1739876329;public int org.architecturemining.program.example.band.Song.getTempo()
2019-04-03T11:51:41,258;[main];Entry;org.architecturemining.program.example.band.BandMember.CallerPsuedoId: 2015781843;java.util.HashMap.CallerPsuedoId: 775931202;public abstract java.util.Collection java.util.Map.values()
2019-04-03T11:51:41,258;[main];Exit;org.architecturemining.program.example.band.BandMember.CallerPsuedoId: 2015781843;java.util.HashMap.CallerPsuedoId: 775931202;public abstract java.util.Collection java.util.Map.values()
2019-04-03T11:51:41,258;[main];Entry;org.architecturemining.program.example.band.BandMember.CallerPsuedoId: 2015781843;java.util.HashMap.Values.CallerPsuedoId: 22069592;public abstract java.util.Iterator java.util.Collection.iterator()
2019-04-03T11:51:41,259;[main];Exit;org.architecturemining.program.example.band.BandMember.CallerPsuedoId: 2015781843;java.util.HashMap.Values.CallerPsuedoId: 22069592;public abstract java.util.Iterator java.util.Collection.iterator()
2019-04-03T11:51:41,259;[main];Entry;org.architecturemining.program.example.band.BandMember.CallerPsuedoId: 2015781843;java.util.HashMap.ValueIterator.CallerPsuedoId: 1293618474;public abstract boolean java.util.Iterator.hasNext()
2019-04-03T11:51:41,259;[main];Exit;org.architecturemining.program.example.band.BandMember.CallerPsuedoId: 2015781843;java.util.HashMap.ValueIterator.CallerPsuedoId: 1293618474;public abstract boolean java.util.Iterator.hasNext()
2019-04-03T11:51:41,259;[main];Exit;org.architecturemining.program.example.band.Band.CallerPsuedoId: 428910174;org.architecturemining.program.example.band.BandMember.CallerPsuedoId: 2015781843;public void org.architecturemining.program.example.band.BandMember.play(org.architecturemining.program.example.band.Song)
2019-04-03T11:51:41,260;[main];Entry;org.architecturemining.program.example.band.Band.CallerPsuedoId: 428910174;java.util.HashMap.KeyIterator.CallerPsuedoId: 1543974463;public abstract boolean java.util.Iterator.hasNext()
2019-04-03T11:51:41,260;[main];Exit;org.architecturemining.program.example.band.Band.CallerPsuedoId: 428910174;java.util.HashMap.KeyIterator.CallerPsuedoId: 1543974463;public abstract boolean java.util.Iterator.hasNext()
2019-04-03T11:51:41,261;[main];Entry;org.architecturemining.program.example.band.Band.CallerPsuedoId: 428910174;java.util.HashMap.KeyIterator.CallerPsuedoId: 1543974463;public abstract java.lang.Object java.util.Iterator.next()
2019-04-03T11:51:41,261;[main];Exit;org.architecturemining.program.example.band.Band.CallerPsuedoId: 428910174;java.util.HashMap.KeyIterator.CallerPsuedoId: 1543974463;public abstract java.lang.Object java.util.Iterator.next()
2019-04-03T11:51:41,261;[main];Entry;org.architecturemining.program.example.band.Band.CallerPsuedoId: 428910174;org.architecturemining.program.example.band.BandMember.CallerPsuedoId: 1113619023;public void org.architecturemining.program.example.band.BandMember.play(org.architecturemining.program.example.band.Song)
2019-04-03T11:51:41,262;[main];Entry;org.architecturemining.program.example.band.BandMember.CallerPsuedoId: 1113619023;org.architecturemining.program.example.band.BandMember.CallerPsuedoId: 1113619023;private boolean org.architecturemining.program.example.band.BandMember.isDrummer()
2019-04-03T11:51:41,262;[main];Entry;org.architecturemining.program.example.band.BandMember.CallerPsuedoId: 1113619023;java.util.HashMap.CallerPsuedoId: 415186196;public abstract boolean java.util.Map.containsKey(java.lang.Object)
2019-04-03T11:51:41,263;[main];Exit;org.architecturemining.program.example.band.BandMember.CallerPsuedoId: 1113619023;java.util.HashMap.CallerPsuedoId: 415186196;public abstract boolean java.util.Map.containsKey(java.lang.Object)
2019-04-03T11:51:41,264;[main];Exit;org.architecturemining.program.example.band.BandMember.CallerPsuedoId: 1113619023;org.architecturemining.program.example.band.BandMember.CallerPsuedoId: 1113619023;private boolean org.architecturemining.program.example.band.BandMember.isDrummer()
2019-04-03T11:51:41,265;[main];Entry;org.architecturemining.program.example.band.BandMember.CallerPsuedoId: 1113619023;java.util.HashMap.CallerPsuedoId: 415186196;public abstract java.lang.Object java.util.Map.get(java.lang.Object)
2019-04-03T11:51:41,266;[main];Exit;org.architecturemining.program.example.band.BandMember.CallerPsuedoId: 1113619023;java.util.HashMap.CallerPsuedoId: 415186196;public abstract java.lang.Object java.util.Map.get(java.lang.Object)
2019-04-03T11:51:41,266;[main];Entry;org.architecturemining.program.example.band.BandMember.CallerPsuedoId: 1113619023;org.architecturemining.program.example.band.instruments.Drums.CallerPsuedoId: 1075738627;public void org.architecturemining.program.example.band.instruments.Drums.countDown()
2019-04-03T11:51:41,267;[main];Entry;org.architecturemining.program.example.band.instruments.Drums.CallerPsuedoId: 1075738627;java.io.PrintStream.CallerPsuedoId: 1920387277;public void java.io.PrintStream.println(java.lang.String)
2019-04-03T11:51:41,271;[main];Exit;org.architecturemining.program.example.band.instruments.Drums.CallerPsuedoId: 1075738627;java.io.PrintStream.CallerPsuedoId: 1920387277;public void java.io.PrintStream.println(java.lang.String)
2019-04-03T11:51:41,272;[main];Exit;org.architecturemining.program.example.band.BandMember.CallerPsuedoId: 1113619023;org.architecturemining.program.example.band.instruments.Drums.CallerPsuedoId: 1075738627;public void org.architecturemining.program.example.band.instruments.Drums.countDown()
2019-04-03T11:51:41,273;[main];Entry;org.architecturemining.program.example.band.BandMember.CallerPsuedoId: 1113619023;org.architecturemining.program.example.band.Song.CallerPsuedoId: 1739876329;public int org.architecturemining.program.example.band.Song.getTempo()
2019-04-03T11:51:41,273;[main];Exit;org.architecturemining.program.example.band.BandMember.CallerPsuedoId: 1113619023;org.architecturemining.program.example.band.Song.CallerPsuedoId: 1739876329;public int org.architecturemining.program.example.band.Song.getTempo()
2019-04-03T11:51:41,274;[main];Entry;org.architecturemining.program.example.band.BandMember.CallerPsuedoId: 1113619023;java.util.HashMap.CallerPsuedoId: 415186196;public abstract java.util.Collection java.util.Map.values()
2019-04-03T11:51:41,275;[main];Exit;org.architecturemining.program.example.band.BandMember.CallerPsuedoId: 1113619023;java.util.HashMap.CallerPsuedoId: 415186196;public abstract java.util.Collection java.util.Map.values()
2019-04-03T11:51:41,275;[main];Entry;org.architecturemining.program.example.band.BandMember.CallerPsuedoId: 1113619023;java.util.HashMap.Values.CallerPsuedoId: 282828951;public abstract java.util.Iterator java.util.Collection.iterator()
2019-04-03T11:51:41,276;[main];Exit;org.architecturemining.program.example.band.BandMember.CallerPsuedoId: 1113619023;java.util.HashMap.Values.CallerPsuedoId: 282828951;public abstract java.util.Iterator java.util.Collection.iterator()
2019-04-03T11:51:41,276;[main];Entry;org.architecturemining.program.example.band.BandMember.CallerPsuedoId: 1113619023;java.util.HashMap.ValueIterator.CallerPsuedoId: 156545103;public abstract boolean java.util.Iterator.hasNext()
2019-04-03T11:51:41,276;[main];Exit;org.architecturemining.program.example.band.BandMember.CallerPsuedoId: 1113619023;java.util.HashMap.ValueIterator.CallerPsuedoId: 156545103;public abstract boolean java.util.Iterator.hasNext()
2019-04-03T11:51:41,277;[main];Entry;org.architecturemining.program.example.band.BandMember.CallerPsuedoId: 1113619023;java.util.HashMap.ValueIterator.CallerPsuedoId: 156545103;public abstract java.lang.Object java.util.Iterator.next()
2019-04-03T11:51:41,277;[main];Exit;org.architecturemining.program.example.band.BandMember.CallerPsuedoId: 1113619023;java.util.HashMap.ValueIterator.CallerPsuedoId: 156545103;public abstract java.lang.Object java.util.Iterator.next()
2019-04-03T11:51:41,279;[main];Entry;org.architecturemining.program.example.band.BandMember.CallerPsuedoId: 1113619023;org.architecturemining.program.example.band.instruments.Bass.CallerPsuedoId: 1884122755;public abstract void org.architecturemining.program.example.band.instruments.Instrument.makeMusic(org.architecturemining.program.example.band.Song)
2019-04-03T11:51:41,280;[main];Entry;org.architecturemining.program.example.band.instruments.Bass.CallerPsuedoId: 1884122755;org.architecturemining.program.example.band.Song.CallerPsuedoId: 1739876329;public java.lang.String org.architecturemining.program.example.band.Song.getLyrics()
2019-04-03T11:51:41,281;[main];Exit;org.architecturemining.program.example.band.instruments.Bass.CallerPsuedoId: 1884122755;org.architecturemining.program.example.band.Song.CallerPsuedoId: 1739876329;public java.lang.String org.architecturemining.program.example.band.Song.getLyrics()
2019-04-03T11:51:41,281;[main];Entry;org.architecturemining.program.example.band.instruments.Bass.CallerPsuedoId: 1884122755;java.io.PrintStream.CallerPsuedoId: 1920387277;public void java.io.PrintStream.println(java.lang.String)
2019-04-03T11:51:41,288;[main];Exit;org.architecturemining.program.example.band.instruments.Bass.CallerPsuedoId: 1884122755;java.io.PrintStream.CallerPsuedoId: 1920387277;public void java.io.PrintStream.println(java.lang.String)
2019-04-03T11:51:41,288;[main];Exit;org.architecturemining.program.example.band.BandMember.CallerPsuedoId: 1113619023;org.architecturemining.program.example.band.instruments.Bass.CallerPsuedoId: 1884122755;public abstract void org.architecturemining.program.example.band.instruments.Instrument.makeMusic(org.architecturemining.program.example.band.Song)
2019-04-03T11:51:41,289;[main];Entry;org.architecturemining.program.example.band.BandMember.CallerPsuedoId: 1113619023;java.util.HashMap.ValueIterator.CallerPsuedoId: 156545103;public abstract boolean java.util.Iterator.hasNext()
2019-04-03T11:51:41,289;[main];Exit;org.architecturemining.program.example.band.BandMember.CallerPsuedoId: 1113619023;java.util.HashMap.ValueIterator.CallerPsuedoId: 156545103;public abstract boolean java.util.Iterator.hasNext()
2019-04-03T11:51:41,290;[main];Entry;org.architecturemining.program.example.band.BandMember.CallerPsuedoId: 1113619023;java.util.HashMap.ValueIterator.CallerPsuedoId: 156545103;public abstract java.lang.Object java.util.Iterator.next()
2019-04-03T11:51:41,291;[main];Exit;org.architecturemining.program.example.band.BandMember.CallerPsuedoId: 1113619023;java.util.HashMap.ValueIterator.CallerPsuedoId: 156545103;public abstract java.lang.Object java.util.Iterator.next()
2019-04-03T11:51:41,291;[main];Entry;org.architecturemining.program.example.band.BandMember.CallerPsuedoId: 1113619023;org.architecturemining.program.example.band.instruments.Vocals.CallerPsuedoId: 246550802;public abstract void org.architecturemining.program.example.band.instruments.Instrument.makeMusic(org.architecturemining.program.example.band.Song)
2019-04-03T11:51:41,291;[main];Entry;org.architecturemining.program.example.band.instruments.Vocals.CallerPsuedoId: 246550802;java.io.PrintStream.CallerPsuedoId: 1920387277;public void java.io.PrintStream.println(java.lang.String)
2019-04-03T11:51:41,299;[main];Exit;org.architecturemining.program.example.band.instruments.Vocals.CallerPsuedoId: 246550802;java.io.PrintStream.CallerPsuedoId: 1920387277;public void java.io.PrintStream.println(java.lang.String)
2019-04-03T11:51:41,301;[main];Exit;org.architecturemining.program.example.band.BandMember.CallerPsuedoId: 1113619023;org.architecturemining.program.example.band.instruments.Vocals.CallerPsuedoId: 246550802;public abstract void org.architecturemining.program.example.band.instruments.Instrument.makeMusic(org.architecturemining.program.example.band.Song)
2019-04-03T11:51:41,301;[main];Entry;org.architecturemining.program.example.band.BandMember.CallerPsuedoId: 1113619023;java.util.HashMap.ValueIterator.CallerPsuedoId: 156545103;public abstract boolean java.util.Iterator.hasNext()
2019-04-03T11:51:41,302;[main];Exit;org.architecturemining.program.example.band.BandMember.CallerPsuedoId: 1113619023;java.util.HashMap.ValueIterator.CallerPsuedoId: 156545103;public abstract boolean java.util.Iterator.hasNext()
2019-04-03T11:51:41,302;[main];Entry;org.architecturemining.program.example.band.BandMember.CallerPsuedoId: 1113619023;java.util.HashMap.ValueIterator.CallerPsuedoId: 156545103;public abstract java.lang.Object java.util.Iterator.next()
2019-04-03T11:51:41,302;[main];Exit;org.architecturemining.program.example.band.BandMember.CallerPsuedoId: 1113619023;java.util.HashMap.ValueIterator.CallerPsuedoId: 156545103;public abstract java.lang.Object java.util.Iterator.next()
2019-04-03T11:51:41,302;[main];Entry;org.architecturemining.program.example.band.BandMember.CallerPsuedoId: 1113619023;org.architecturemining.program.example.band.instruments.Drums.CallerPsuedoId: 1075738627;public abstract void org.architecturemining.program.example.band.instruments.Instrument.makeMusic(org.architecturemining.program.example.band.Song)
2019-04-03T11:51:41,303;[main];Entry;org.architecturemining.program.example.band.instruments.Drums.CallerPsuedoId: 1075738627;java.io.PrintStream.CallerPsuedoId: 1920387277;public void java.io.PrintStream.println(java.lang.String)
2019-04-03T11:51:41,304;[main];Exit;org.architecturemining.program.example.band.instruments.Drums.CallerPsuedoId: 1075738627;java.io.PrintStream.CallerPsuedoId: 1920387277;public void java.io.PrintStream.println(java.lang.String)
2019-04-03T11:51:41,304;[main];Exit;org.architecturemining.program.example.band.BandMember.CallerPsuedoId: 1113619023;org.architecturemining.program.example.band.instruments.Drums.CallerPsuedoId: 1075738627;public abstract void org.architecturemining.program.example.band.instruments.Instrument.makeMusic(org.architecturemining.program.example.band.Song)
2019-04-03T11:51:41,305;[main];Entry;org.architecturemining.program.example.band.BandMember.CallerPsuedoId: 1113619023;java.util.HashMap.ValueIterator.CallerPsuedoId: 156545103;public abstract boolean java.util.Iterator.hasNext()
2019-04-03T11:51:41,305;[main];Exit;org.architecturemining.program.example.band.BandMember.CallerPsuedoId: 1113619023;java.util.HashMap.ValueIterator.CallerPsuedoId: 156545103;public abstract boolean java.util.Iterator.hasNext()
2019-04-03T11:51:41,305;[main];Exit;org.architecturemining.program.example.band.Band.CallerPsuedoId: 428910174;org.architecturemining.program.example.band.BandMember.CallerPsuedoId: 1113619023;public void org.architecturemining.program.example.band.BandMember.play(org.architecturemining.program.example.band.Song)
2019-04-03T11:51:41,305;[main];Entry;org.architecturemining.program.example.band.Band.CallerPsuedoId: 428910174;java.util.HashMap.KeyIterator.CallerPsuedoId: 1543974463;public abstract boolean java.util.Iterator.hasNext()
2019-04-03T11:51:41,305;[main];Exit;org.architecturemining.program.example.band.Band.CallerPsuedoId: 428910174;java.util.HashMap.KeyIterator.CallerPsuedoId: 1543974463;public abstract boolean java.util.Iterator.hasNext()
2019-04-03T11:51:41,305;[main];Entry;org.architecturemining.program.example.band.Band.CallerPsuedoId: 428910174;java.util.ArrayList.Itr.CallerPsuedoId: 1682463303;public abstract boolean java.util.Iterator.hasNext()
2019-04-03T11:51:41,305;[main];Exit;org.architecturemining.program.example.band.Band.CallerPsuedoId: 428910174;java.util.ArrayList.Itr.CallerPsuedoId: 1682463303;public abstract boolean java.util.Iterator.hasNext()
2019-04-03T11:51:41,306;[main];Exit;org.architecturemining.program.example.band.BandPractice.Static;org.architecturemining.program.example.band.Band.CallerPsuedoId: 428910174;public void org.architecturemining.program.example.band.Band.practice()
2019-04-03T11:51:41,306;[main];Entry;org.architecturemining.program.example.band.BandPractice.Static;java.io.PrintStream.CallerPsuedoId: 1920387277;public void java.io.PrintStream.println(java.lang.String)
2019-04-03T11:51:41,309;[main];Exit;org.architecturemining.program.example.band.BandPractice.Static;java.io.PrintStream.CallerPsuedoId: 1920387277;public void java.io.PrintStream.println(java.lang.String)
